2016-03-18 04:40:09 Error: [MissingControllerException] Controller class ImgController could not be found.
Exception Attributes: array (
  'class' => 'ImgController',
  'plugin' => NULL,
)
Request URL: /cakephp-2.8.2/img/logo.png
Stack Trace:
#0 /var/www/html/cakephp-2.8.2/app/webroot/index.php(111): Dispatcher->dispatch(Object(CakeRequest), Object(CakeResponse))
#1 {main}
2016-03-18 04:40:09 Error: [MissingControllerException] Controller class ImgController could not be found.
Exception Attributes: array (
  'class' => 'ImgController',
  'plugin' => NULL,
)
Request URL: /cakephp-2.8.2/img/img-profile.jpg
Stack Trace:
#0 /var/www/html/cakephp-2.8.2/app/webroot/index.php(111): Dispatcher->dispatch(Object(CakeRequest), Object(CakeResponse))
#1 {main}
2016-03-18 04:40:09 Error: [MissingControllerException] Controller class ImgController could not be found.
Exception Attributes: array (
  'class' => 'ImgController',
  'plugin' => NULL,
)
Request URL: /cakephp-2.8.2/img/horizontal.jpg
Stack Trace:
#0 /var/www/html/cakephp-2.8.2/app/webroot/index.php(111): Dispatcher->dispatch(Object(CakeRequest), Object(CakeResponse))
#1 {main}
2016-03-18 04:40:09 Error: [MissingControllerException] Controller class ImgController could not be found.
Exception Attributes: array (
  'class' => 'ImgController',
  'plugin' => NULL,
)
Request URL: /cakephp-2.8.2/img/icon-direction.png
Stack Trace:
#0 /var/www/html/cakephp-2.8.2/app/webroot/index.php(111): Dispatcher->dispatch(Object(CakeRequest), Object(CakeResponse))
#1 {main}
2016-03-18 04:40:09 Error: [MissingControllerException] Controller class ImgController could not be found.
Exception Attributes: array (
  'class' => 'ImgController',
  'plugin' => NULL,
)
Request URL: /cakephp-2.8.2/img/vertical.jpg
Stack Trace:
#0 /var/www/html/cakephp-2.8.2/app/webroot/index.php(111): Dispatcher->dispatch(Object(CakeRequest), Object(CakeResponse))
#1 {main}
2016-03-18 04:40:09 Error: [MissingControllerException] Controller class ImgController could not be found.
Exception Attributes: array (
  'class' => 'ImgController',
  'plugin' => NULL,
)
Request URL: /cakephp-2.8.2/img/header-repeat.jpg
Stack Trace:
#0 /var/www/html/cakephp-2.8.2/app/webroot/index.php(111): Dispatcher->dispatch(Object(CakeRequest), Object(CakeResponse))
#1 {main}
2016-03-18 04:40:09 Error: [MissingControllerException] Controller class ImgController could not be found.
Exception Attributes: array (
  'class' => 'ImgController',
  'plugin' => NULL,
)
Request URL: /cakephp-2.8.2/img/nav-repeat2.jpg
Stack Trace:
#0 /var/www/html/cakephp-2.8.2/app/webroot/index.php(111): Dispatcher->dispatch(Object(CakeRequest), Object(CakeResponse))
#1 {main}
2016-03-18 04:40:09 Error: [MissingControllerException] Controller class ImgController could not be found.
Exception Attributes: array (
  'class' => 'ImgController',
  'plugin' => NULL,
)
Request URL: /cakephp-2.8.2/img/sidemenu-repeat.jpg
Stack Trace:
#0 /var/www/html/cakephp-2.8.2/app/webroot/index.php(111): Dispatcher->dispatch(Object(CakeRequest), Object(CakeResponse))
#1 {main}
2016-03-18 04:40:09 Error: [MissingControllerException] Controller class ImgController could not be found.
Exception Attributes: array (
  'class' => 'ImgController',
  'plugin' => NULL,
)
Request URL: /cakephp-2.8.2/img/icon-charts-graphs.png
Stack Trace:
#0 /var/www/html/cakephp-2.8.2/app/webroot/index.php(111): Dispatcher->dispatch(Object(CakeRequest), Object(CakeResponse))
#1 {main}
2016-03-18 04:40:09 Error: [MissingControllerException] Controller class ImgController could not be found.
Exception Attributes: array (
  'class' => 'ImgController',
  'plugin' => NULL,
)
Request URL: /cakephp-2.8.2/img/icon-gallery.png
Stack Trace:
#0 /var/www/html/cakephp-2.8.2/app/webroot/index.php(111): Dispatcher->dispatch(Object(CakeRequest), Object(CakeResponse))
#1 {main}
2016-03-18 04:40:09 Error: [MissingControllerException] Controller class ImgController could not be found.
Exception Attributes: array (
  'class' => 'ImgController',
  'plugin' => NULL,
)
Request URL: /cakephp-2.8.2/img/icon-notifications.png
Stack Trace:
#0 /var/www/html/cakephp-2.8.2/app/webroot/index.php(111): Dispatcher->dispatch(Object(CakeRequest), Object(CakeResponse))
#1 {main}
2016-03-18 04:40:09 Error: [MissingControllerException] Controller class ImgController could not be found.
Exception Attributes: array (
  'class' => 'ImgController',
  'plugin' => NULL,
)
Request URL: /cakephp-2.8.2/img/icon-dashboard.png
Stack Trace:
#0 /var/www/html/cakephp-2.8.2/app/webroot/index.php(111): Dispatcher->dispatch(Object(CakeRequest), Object(CakeResponse))
#1 {main}
2016-03-18 04:40:09 Error: [MissingControllerException] Controller class ImgController could not be found.
Exception Attributes: array (
  'class' => 'ImgController',
  'plugin' => NULL,
)
Request URL: /cakephp-2.8.2/img/icon-typography.png
Stack Trace:
#0 /var/www/html/cakephp-2.8.2/app/webroot/index.php(111): Dispatcher->dispatch(Object(CakeRequest), Object(CakeResponse))
#1 {main}
2016-03-18 04:40:09 Error: [MissingControllerException] Controller class ImgController could not be found.
Exception Attributes: array (
  'class' => 'ImgController',
  'plugin' => NULL,
)
Request URL: /cakephp-2.8.2/img/icon-form-style.png
Stack Trace:
#0 /var/www/html/cakephp-2.8.2/app/webroot/index.php(111): Dispatcher->dispatch(Object(CakeRequest), Object(CakeResponse))
#1 {main}
2016-03-18 04:40:09 Error: [MissingControllerException] Controller class ImgController could not be found.
Exception Attributes: array (
  'class' => 'ImgController',
  'plugin' => NULL,
)
Request URL: /cakephp-2.8.2/img/icon-grid-tables.png
Stack Trace:
#0 /var/www/html/cakephp-2.8.2/app/webroot/index.php(111): Dispatcher->dispatch(Object(CakeRequest), Object(CakeResponse))
#1 {main}
2016-03-18 04:40:18 Error: [MissingControllerException] Controller class ImgController could not be found.
Exception Attributes: array (
  'class' => 'ImgController',
  'plugin' => NULL,
)
Request URL: /cakephp-2.8.2/img/sidemenu-repeat-hover.jpg
Stack Trace:
#0 /var/www/html/cakephp-2.8.2/app/webroot/index.php(111): Dispatcher->dispatch(Object(CakeRequest), Object(CakeResponse))
#1 {main}
2016-03-18 04:41:38 Error: [MissingControllerException] Controller class ImgController could not be found.
Exception Attributes: array (
  'class' => 'ImgController',
  'plugin' => NULL,
)
Request URL: /cakephp-2.8.2/img/logo.png
Stack Trace:
#0 /var/www/html/cakephp-2.8.2/app/webroot/index.php(111): Dispatcher->dispatch(Object(CakeRequest), Object(CakeResponse))
#1 {main}
2016-03-18 04:41:38 Error: [MissingControllerException] Controller class ImgController could not be found.
Exception Attributes: array (
  'class' => 'ImgController',
  'plugin' => NULL,
)
Request URL: /cakephp-2.8.2/img/icon-direction.png
Stack Trace:
#0 /var/www/html/cakephp-2.8.2/app/webroot/index.php(111): Dispatcher->dispatch(Object(CakeRequest), Object(CakeResponse))
#1 {main}
2016-03-18 04:41:38 Error: [MissingControllerException] Controller class ImgController could not be found.
Exception Attributes: array (
  'class' => 'ImgController',
  'plugin' => NULL,
)
Request URL: /cakephp-2.8.2/img/vertical.jpg
Stack Trace:
#0 /var/www/html/cakephp-2.8.2/app/webroot/index.php(111): Dispatcher->dispatch(Object(CakeRequest), Object(CakeResponse))
#1 {main}
2016-03-18 04:41:38 Error: [MissingControllerException] Controller class ImgController could not be found.
Exception Attributes: array (
  'class' => 'ImgController',
  'plugin' => NULL,
)
Request URL: /cakephp-2.8.2/img/img-profile.jpg
Stack Trace:
#0 /var/www/html/cakephp-2.8.2/app/webroot/index.php(111): Dispatcher->dispatch(Object(CakeRequest), Object(CakeResponse))
#1 {main}
2016-03-18 04:41:38 Error: [MissingControllerException] Controller class ImgController could not be found.
Exception Attributes: array (
  'class' => 'ImgController',
  'plugin' => NULL,
)
Request URL: /cakephp-2.8.2/img/horizontal.jpg
Stack Trace:
#0 /var/www/html/cakephp-2.8.2/app/webroot/index.php(111): Dispatcher->dispatch(Object(CakeRequest), Object(CakeResponse))
#1 {main}
2016-03-18 04:41:39 Error: [MissingControllerException] Controller class ImgController could not be found.
Exception Attributes: array (
  'class' => 'ImgController',
  'plugin' => NULL,
)
Request URL: /cakephp-2.8.2/img/header-repeat.jpg
Stack Trace:
#0 /var/www/html/cakephp-2.8.2/app/webroot/index.php(111): Dispatcher->dispatch(Object(CakeRequest), Object(CakeResponse))
#1 {main}
2016-03-18 04:41:39 Error: [MissingControllerException] Controller class ImgController could not be found.
Exception Attributes: array (
  'class' => 'ImgController',
  'plugin' => NULL,
)
Request URL: /cakephp-2.8.2/img/nav-repeat2.jpg
Stack Trace:
#0 /var/www/html/cakephp-2.8.2/app/webroot/index.php(111): Dispatcher->dispatch(Object(CakeRequest), Object(CakeResponse))
#1 {main}
2016-03-18 04:41:39 Error: [MissingControllerException] Controller class ImgController could not be found.
Exception Attributes: array (
  'class' => 'ImgController',
  'plugin' => NULL,
)
Request URL: /cakephp-2.8.2/img/icon-form-style.png
Stack Trace:
#0 /var/www/html/cakephp-2.8.2/app/webroot/index.php(111): Dispatcher->dispatch(Object(CakeRequest), Object(CakeResponse))
#1 {main}
2016-03-18 04:41:39 Error: [MissingControllerException] Controller class ImgController could not be found.
Exception Attributes: array (
  'class' => 'ImgController',
  'plugin' => NULL,
)
Request URL: /cakephp-2.8.2/img/icon-charts-graphs.png
Stack Trace:
#0 /var/www/html/cakephp-2.8.2/app/webroot/index.php(111): Dispatcher->dispatch(Object(CakeRequest), Object(CakeResponse))
#1 {main}
2016-03-18 04:41:39 Error: [MissingControllerException] Controller class ImgController could not be found.
Exception Attributes: array (
  'class' => 'ImgController',
  'plugin' => NULL,
)
Request URL: /cakephp-2.8.2/img/icon-dashboard.png
Stack Trace:
#0 /var/www/html/cakephp-2.8.2/app/webroot/index.php(111): Dispatcher->dispatch(Object(CakeRequest), Object(CakeResponse))
#1 {main}
2016-03-18 04:41:39 Error: [MissingControllerException] Controller class ImgController could not be found.
Exception Attributes: array (
  'class' => 'ImgController',
  'plugin' => NULL,
)
Request URL: /cakephp-2.8.2/img/sidemenu-repeat.jpg
Stack Trace:
#0 /var/www/html/cakephp-2.8.2/app/webroot/index.php(111): Dispatcher->dispatch(Object(CakeRequest), Object(CakeResponse))
#1 {main}
2016-03-18 04:41:39 Error: [MissingControllerException] Controller class ImgController could not be found.
Exception Attributes: array (
  'class' => 'ImgController',
  'plugin' => NULL,
)
Request URL: /cakephp-2.8.2/img/icon-gallery.png
Stack Trace:
#0 /var/www/html/cakephp-2.8.2/app/webroot/index.php(111): Dispatcher->dispatch(Object(CakeRequest), Object(CakeResponse))
#1 {main}
2016-03-18 04:41:39 Error: [MissingControllerException] Controller class ImgController could not be found.
Exception Attributes: array (
  'class' => 'ImgController',
  'plugin' => NULL,
)
Request URL: /cakephp-2.8.2/img/icon-typography.png
Stack Trace:
#0 /var/www/html/cakephp-2.8.2/app/webroot/index.php(111): Dispatcher->dispatch(Object(CakeRequest), Object(CakeResponse))
#1 {main}
2016-03-18 04:41:39 Error: [MissingControllerException] Controller class ImgController could not be found.
Exception Attributes: array (
  'class' => 'ImgController',
  'plugin' => NULL,
)
Request URL: /cakephp-2.8.2/img/icon-notifications.png
Stack Trace:
#0 /var/www/html/cakephp-2.8.2/app/webroot/index.php(111): Dispatcher->dispatch(Object(CakeRequest), Object(CakeResponse))
#1 {main}
2016-03-18 04:41:39 Error: [MissingControllerException] Controller class ImgController could not be found.
Exception Attributes: array (
  'class' => 'ImgController',
  'plugin' => NULL,
)
Request URL: /cakephp-2.8.2/img/icon-grid-tables.png
Stack Trace:
#0 /var/www/html/cakephp-2.8.2/app/webroot/index.php(111): Dispatcher->dispatch(Object(CakeRequest), Object(CakeResponse))
#1 {main}
2016-03-18 04:42:12 Error: [MissingControllerException] Controller class ImgController could not be found.
Exception Attributes: array (
  'class' => 'ImgController',
  'plugin' => NULL,
)
Request URL: /cakephp-2.8.2/img/logo.png
Stack Trace:
#0 /var/www/html/cakephp-2.8.2/app/webroot/index.php(111): Dispatcher->dispatch(Object(CakeRequest), Object(CakeResponse))
#1 {main}
2016-03-18 04:42:12 Error: [MissingControllerException] Controller class ImgController could not be found.
Exception Attributes: array (
  'class' => 'ImgController',
  'plugin' => NULL,
)
Request URL: /cakephp-2.8.2/img/img-profile.jpg
Stack Trace:
#0 /var/www/html/cakephp-2.8.2/app/webroot/index.php(111): Dispatcher->dispatch(Object(CakeRequest), Object(CakeResponse))
#1 {main}
2016-03-18 04:42:12 Error: [MissingControllerException] Controller class ImgController could not be found.
Exception Attributes: array (
  'class' => 'ImgController',
  'plugin' => NULL,
)
Request URL: /cakephp-2.8.2/img/vertical.jpg
Stack Trace:
#0 /var/www/html/cakephp-2.8.2/app/webroot/index.php(111): Dispatcher->dispatch(Object(CakeRequest), Object(CakeResponse))
#1 {main}
2016-03-18 04:42:12 Error: [MissingControllerException] Controller class ImgController could not be found.
Exception Attributes: array (
  'class' => 'ImgController',
  'plugin' => NULL,
)
Request URL: /cakephp-2.8.2/img/horizontal.jpg
Stack Trace:
#0 /var/www/html/cakephp-2.8.2/app/webroot/index.php(111): Dispatcher->dispatch(Object(CakeRequest), Object(CakeResponse))
#1 {main}
2016-03-18 04:42:12 Error: [MissingControllerException] Controller class ImgController could not be found.
Exception Attributes: array (
  'class' => 'ImgController',
  'plugin' => NULL,
)
Request URL: /cakephp-2.8.2/img/header-repeat.jpg
Stack Trace:
#0 /var/www/html/cakephp-2.8.2/app/webroot/index.php(111): Dispatcher->dispatch(Object(CakeRequest), Object(CakeResponse))
#1 {main}
2016-03-18 04:42:12 Error: [MissingControllerException] Controller class ImgController could not be found.
Exception Attributes: array (
  'class' => 'ImgController',
  'plugin' => NULL,
)
Request URL: /cakephp-2.8.2/img/nav-repeat2.jpg
Stack Trace:
#0 /var/www/html/cakephp-2.8.2/app/webroot/index.php(111): Dispatcher->dispatch(Object(CakeRequest), Object(CakeResponse))
#1 {main}
2016-03-18 04:42:12 Error: [MissingControllerException] Controller class ImgController could not be found.
Exception Attributes: array (
  'class' => 'ImgController',
  'plugin' => NULL,
)
Request URL: /cakephp-2.8.2/img/icon-dashboard.png
Stack Trace:
#0 /var/www/html/cakephp-2.8.2/app/webroot/index.php(111): Dispatcher->dispatch(Object(CakeRequest), Object(CakeResponse))
#1 {main}
2016-03-18 04:42:12 Error: [MissingControllerException] Controller class ImgController could not be found.
Exception Attributes: array (
  'class' => 'ImgController',
  'plugin' => NULL,
)
Request URL: /cakephp-2.8.2/img/icon-typography.png
Stack Trace:
#0 /var/www/html/cakephp-2.8.2/app/webroot/index.php(111): Dispatcher->dispatch(Object(CakeRequest), Object(CakeResponse))
#1 {main}
2016-03-18 04:42:12 Error: [MissingControllerException] Controller class ImgController could not be found.
Exception Attributes: array (
  'class' => 'ImgController',
  'plugin' => NULL,
)
Request URL: /cakephp-2.8.2/img/icon-form-style.png
Stack Trace:
#0 /var/www/html/cakephp-2.8.2/app/webroot/index.php(111): Dispatcher->dispatch(Object(CakeRequest), Object(CakeResponse))
#1 {main}
2016-03-18 04:42:12 Error: [MissingControllerException] Controller class ImgController could not be found.
Exception Attributes: array (
  'class' => 'ImgController',
  'plugin' => NULL,
)
Request URL: /cakephp-2.8.2/img/icon-charts-graphs.png
Stack Trace:
#0 /var/www/html/cakephp-2.8.2/app/webroot/index.php(111): Dispatcher->dispatch(Object(CakeRequest), Object(CakeResponse))
#1 {main}
2016-03-18 04:42:12 Error: [MissingControllerException] Controller class ImgController could not be found.
Exception Attributes: array (
  'class' => 'ImgController',
  'plugin' => NULL,
)
Request URL: /cakephp-2.8.2/img/sidemenu-repeat.jpg
Stack Trace:
#0 /var/www/html/cakephp-2.8.2/app/webroot/index.php(111): Dispatcher->dispatch(Object(CakeRequest), Object(CakeResponse))
#1 {main}
2016-03-18 04:42:12 Error: [MissingControllerException] Controller class ImgController could not be found.
Exception Attributes: array (
  'class' => 'ImgController',
  'plugin' => NULL,
)
Request URL: /cakephp-2.8.2/img/icon-gallery.png
Stack Trace:
#0 /var/www/html/cakephp-2.8.2/app/webroot/index.php(111): Dispatcher->dispatch(Object(CakeRequest), Object(CakeResponse))
#1 {main}
2016-03-18 04:42:12 Error: [MissingControllerException] Controller class ImgController could not be found.
Exception Attributes: array (
  'class' => 'ImgController',
  'plugin' => NULL,
)
Request URL: /cakephp-2.8.2/img/icon-grid-tables.png
Stack Trace:
#0 /var/www/html/cakephp-2.8.2/app/webroot/index.php(111): Dispatcher->dispatch(Object(CakeRequest), Object(CakeResponse))
#1 {main}
2016-03-18 04:42:12 Error: [MissingControllerException] Controller class ImgController could not be found.
Exception Attributes: array (
  'class' => 'ImgController',
  'plugin' => NULL,
)
Request URL: /cakephp-2.8.2/img/icon-notifications.png
Stack Trace:
#0 /var/www/html/cakephp-2.8.2/app/webroot/index.php(111): Dispatcher->dispatch(Object(CakeRequest), Object(CakeResponse))
#1 {main}
2016-03-18 04:42:44 Error: [MissingControllerException] Controller class ImgController could not be found.
Exception Attributes: array (
  'class' => 'ImgController',
  'plugin' => NULL,
)
Request URL: /cakephp-2.8.2/img/logo.png
Stack Trace:
#0 /var/www/html/cakephp-2.8.2/app/webroot/index.php(111): Dispatcher->dispatch(Object(CakeRequest), Object(CakeResponse))
#1 {main}
2016-03-18 04:42:44 Error: [MissingControllerException] Controller class ImgController could not be found.
Exception Attributes: array (
  'class' => 'ImgController',
  'plugin' => NULL,
)
Request URL: /cakephp-2.8.2/img/img-profile.jpg
Stack Trace:
#0 /var/www/html/cakephp-2.8.2/app/webroot/index.php(111): Dispatcher->dispatch(Object(CakeRequest), Object(CakeResponse))
#1 {main}
2016-03-18 04:42:44 Error: [MissingControllerException] Controller class ImgController could not be found.
Exception Attributes: array (
  'class' => 'ImgController',
  'plugin' => NULL,
)
Request URL: /cakephp-2.8.2/img/horizontal.jpg
Stack Trace:
#0 /var/www/html/cakephp-2.8.2/app/webroot/index.php(111): Dispatcher->dispatch(Object(CakeRequest), Object(CakeResponse))
#1 {main}
2016-03-18 04:42:44 Error: [MissingControllerException] Controller class ImgController could not be found.
Exception Attributes: array (
  'class' => 'ImgController',
  'plugin' => NULL,
)
Request URL: /cakephp-2.8.2/img/icon-dashboard.png
Stack Trace:
#0 /var/www/html/cakephp-2.8.2/app/webroot/index.php(111): Dispatcher->dispatch(Object(CakeRequest), Object(CakeResponse))
#1 {main}
2016-03-18 04:42:44 Error: [MissingControllerException] Controller class ImgController could not be found.
Exception Attributes: array (
  'class' => 'ImgController',
  'plugin' => NULL,
)
Request URL: /cakephp-2.8.2/img/nav-repeat2.jpg
Stack Trace:
#0 /var/www/html/cakephp-2.8.2/app/webroot/index.php(111): Dispatcher->dispatch(Object(CakeRequest), Object(CakeResponse))
#1 {main}
2016-03-18 04:42:44 Error: [MissingControllerException] Controller class ImgController could not be found.
Exception Attributes: array (
  'class' => 'ImgController',
  'plugin' => NULL,
)
Request URL: /cakephp-2.8.2/img/header-repeat.jpg
Stack Trace:
#0 /var/www/html/cakephp-2.8.2/app/webroot/index.php(111): Dispatcher->dispatch(Object(CakeRequest), Object(CakeResponse))
#1 {main}
2016-03-18 04:42:44 Error: [MissingControllerException] Controller class ImgController could not be found.
Exception Attributes: array (
  'class' => 'ImgController',
  'plugin' => NULL,
)
Request URL: /cakephp-2.8.2/img/icon-typography.png
Stack Trace:
#0 /var/www/html/cakephp-2.8.2/app/webroot/index.php(111): Dispatcher->dispatch(Object(CakeRequest), Object(CakeResponse))
#1 {main}
2016-03-18 04:42:44 Error: [MissingControllerException] Controller class ImgController could not be found.
Exception Attributes: array (
  'class' => 'ImgController',
  'plugin' => NULL,
)
Request URL: /cakephp-2.8.2/img/icon-charts-graphs.png
Stack Trace:
#0 /var/www/html/cakephp-2.8.2/app/webroot/index.php(111): Dispatcher->dispatch(Object(CakeRequest), Object(CakeResponse))
#1 {main}
2016-03-18 04:42:44 Error: [MissingControllerException] Controller class ImgController could not be found.
Exception Attributes: array (
  'class' => 'ImgController',
  'plugin' => NULL,
)
Request URL: /cakephp-2.8.2/img/icon-form-style.png
Stack Trace:
#0 /var/www/html/cakephp-2.8.2/app/webroot/index.php(111): Dispatcher->dispatch(Object(CakeRequest), Object(CakeResponse))
#1 {main}
2016-03-18 04:42:44 Error: [MissingControllerException] Controller class ImgController could not be found.
Exception Attributes: array (
  'class' => 'ImgController',
  'plugin' => NULL,
)
Request URL: /cakephp-2.8.2/img/icon-gallery.png
Stack Trace:
#0 /var/www/html/cakephp-2.8.2/app/webroot/index.php(111): Dispatcher->dispatch(Object(CakeRequest), Object(CakeResponse))
#1 {main}
2016-03-18 04:42:44 Error: [MissingControllerException] Controller class ImgController could not be found.
Exception Attributes: array (
  'class' => 'ImgController',
  'plugin' => NULL,
)
Request URL: /cakephp-2.8.2/img/sidemenu-repeat.jpg
Stack Trace:
#0 /var/www/html/cakephp-2.8.2/app/webroot/index.php(111): Dispatcher->dispatch(Object(CakeRequest), Object(CakeResponse))
#1 {main}
2016-03-18 04:42:44 Error: [MissingControllerException] Controller class ImgController could not be found.
Exception Attributes: array (
  'class' => 'ImgController',
  'plugin' => NULL,
)
Request URL: /cakephp-2.8.2/img/icon-notifications.png
Stack Trace:
#0 /var/www/html/cakephp-2.8.2/app/webroot/index.php(111): Dispatcher->dispatch(Object(CakeRequest), Object(CakeResponse))
#1 {main}
2016-03-18 04:42:44 Error: [MissingControllerException] Controller class ImgController could not be found.
Exception Attributes: array (
  'class' => 'ImgController',
  'plugin' => NULL,
)
Request URL: /cakephp-2.8.2/img/icon-grid-tables.png
Stack Trace:
#0 /var/www/html/cakephp-2.8.2/app/webroot/index.php(111): Dispatcher->dispatch(Object(CakeRequest), Object(CakeResponse))
#1 {main}
2016-03-18 04:42:56 Error: [MissingControllerException] Controller class ImgController could not be found.
Exception Attributes: array (
  'class' => 'ImgController',
  'plugin' => NULL,
)
Request URL: /cakephp-2.8.2/img/sidemenu-repeat-hover.jpg
Stack Trace:
#0 /var/www/html/cakephp-2.8.2/app/webroot/index.php(111): Dispatcher->dispatch(Object(CakeRequest), Object(CakeResponse))
#1 {main}
2016-03-18 04:42:57 Error: [MissingControllerException] Controller class ImgController could not be found.
Exception Attributes: array (
  'class' => 'ImgController',
  'plugin' => NULL,
)
Request URL: /cakephp-2.8.2/img/logo.png
Stack Trace:
#0 /var/www/html/cakephp-2.8.2/app/webroot/index.php(111): Dispatcher->dispatch(Object(CakeRequest), Object(CakeResponse))
#1 {main}
2016-03-18 04:42:57 Error: [MissingControllerException] Controller class ImgController could not be found.
Exception Attributes: array (
  'class' => 'ImgController',
  'plugin' => NULL,
)
Request URL: /cakephp-2.8.2/img/img-profile.jpg
Stack Trace:
#0 /var/www/html/cakephp-2.8.2/app/webroot/index.php(111): Dispatcher->dispatch(Object(CakeRequest), Object(CakeResponse))
#1 {main}
2016-03-18 04:42:57 Error: [MissingControllerException] Controller class ImgController could not be found.
Exception Attributes: array (
  'class' => 'ImgController',
  'plugin' => NULL,
)
Request URL: /cakephp-2.8.2/img/nav-repeat2.jpg
Stack Trace:
#0 /var/www/html/cakephp-2.8.2/app/webroot/index.php(111): Dispatcher->dispatch(Object(CakeRequest), Object(CakeResponse))
#1 {main}
2016-03-18 04:42:57 Error: [MissingControllerException] Controller class ImgController could not be found.
Exception Attributes: array (
  'class' => 'ImgController',
  'plugin' => NULL,
)
Request URL: /cakephp-2.8.2/img/icon-dashboard.png
Stack Trace:
#0 /var/www/html/cakephp-2.8.2/app/webroot/index.php(111): Dispatcher->dispatch(Object(CakeRequest), Object(CakeResponse))
#1 {main}
2016-03-18 04:42:57 Error: [MissingControllerException] Controller class ImgController could not be found.
Exception Attributes: array (
  'class' => 'ImgController',
  'plugin' => NULL,
)
Request URL: /cakephp-2.8.2/img/header-repeat.jpg
Stack Trace:
#0 /var/www/html/cakephp-2.8.2/app/webroot/index.php(111): Dispatcher->dispatch(Object(CakeRequest), Object(CakeResponse))
#1 {main}
2016-03-18 04:42:57 Error: [MissingControllerException] Controller class ImgController could not be found.
Exception Attributes: array (
  'class' => 'ImgController',
  'plugin' => NULL,
)
Request URL: /cakephp-2.8.2/img/icon-form-style.png
Stack Trace:
#0 /var/www/html/cakephp-2.8.2/app/webroot/index.php(111): Dispatcher->dispatch(Object(CakeRequest), Object(CakeResponse))
#1 {main}
2016-03-18 04:42:57 Error: [MissingControllerException] Controller class ImgController could not be found.
Exception Attributes: array (
  'class' => 'ImgController',
  'plugin' => NULL,
)
Request URL: /cakephp-2.8.2/img/icon-typography.png
Stack Trace:
#0 /var/www/html/cakephp-2.8.2/app/webroot/index.php(111): Dispatcher->dispatch(Object(CakeRequest), Object(CakeResponse))
#1 {main}
2016-03-18 04:42:57 Error: [MissingControllerException] Controller class ImgController could not be found.
Exception Attributes: array (
  'class' => 'ImgController',
  'plugin' => NULL,
)
Request URL: /cakephp-2.8.2/img/icon-charts-graphs.png
Stack Trace:
#0 /var/www/html/cakephp-2.8.2/app/webroot/index.php(111): Dispatcher->dispatch(Object(CakeRequest), Object(CakeResponse))
#1 {main}
2016-03-18 04:42:57 Error: [MissingControllerException] Controller class ImgController could not be found.
Exception Attributes: array (
  'class' => 'ImgController',
  'plugin' => NULL,
)
Request URL: /cakephp-2.8.2/img/sidemenu-repeat.jpg
Stack Trace:
#0 /var/www/html/cakephp-2.8.2/app/webroot/index.php(111): Dispatcher->dispatch(Object(CakeRequest), Object(CakeResponse))
#1 {main}
2016-03-18 04:42:57 Error: [MissingControllerException] Controller class ImgController could not be found.
Exception Attributes: array (
  'class' => 'ImgController',
  'plugin' => NULL,
)
Request URL: /cakephp-2.8.2/img/icon-notifications.png
Stack Trace:
#0 /var/www/html/cakephp-2.8.2/app/webroot/index.php(111): Dispatcher->dispatch(Object(CakeRequest), Object(CakeResponse))
#1 {main}
2016-03-18 04:42:57 Error: [MissingControllerException] Controller class ImgController could not be found.
Exception Attributes: array (
  'class' => 'ImgController',
  'plugin' => NULL,
)
Request URL: /cakephp-2.8.2/img/icon-gallery.png
Stack Trace:
#0 /var/www/html/cakephp-2.8.2/app/webroot/index.php(111): Dispatcher->dispatch(Object(CakeRequest), Object(CakeResponse))
#1 {main}
2016-03-18 04:42:57 Error: [MissingControllerException] Controller class ImgController could not be found.
Exception Attributes: array (
  'class' => 'ImgController',
  'plugin' => NULL,
)
Request URL: /cakephp-2.8.2/img/icon-grid-tables.png
Stack Trace:
#0 /var/www/html/cakephp-2.8.2/app/webroot/index.php(111): Dispatcher->dispatch(Object(CakeRequest), Object(CakeResponse))
#1 {main}
2016-03-18 04:43:03 Error: [MissingControllerException] Controller class ImgController could not be found.
Exception Attributes: array (
  'class' => 'ImgController',
  'plugin' => NULL,
)
Request URL: /cakephp-2.8.2/img/sidemenu-repeat-hover.jpg
Stack Trace:
#0 /var/www/html/cakephp-2.8.2/app/webroot/index.php(111): Dispatcher->dispatch(Object(CakeRequest), Object(CakeResponse))
#1 {main}
2016-03-18 04:44:09 Error: [MissingControllerException] Controller class ImgController could not be found.
Exception Attributes: array (
  'class' => 'ImgController',
  'plugin' => NULL,
)
Request URL: /cakephp-2.8.2/img/logo.png
Stack Trace:
#0 /var/www/html/cakephp-2.8.2/app/webroot/index.php(111): Dispatcher->dispatch(Object(CakeRequest), Object(CakeResponse))
#1 {main}
2016-03-18 04:44:09 Error: [MissingControllerException] Controller class ImgController could not be found.
Exception Attributes: array (
  'class' => 'ImgController',
  'plugin' => NULL,
)
Request URL: /cakephp-2.8.2/img/img-profile.jpg
Stack Trace:
#0 /var/www/html/cakephp-2.8.2/app/webroot/index.php(111): Dispatcher->dispatch(Object(CakeRequest), Object(CakeResponse))
#1 {main}
2016-03-18 04:44:10 Error: [MissingControllerException] Controller class ImgController could not be found.
Exception Attributes: array (
  'class' => 'ImgController',
  'plugin' => NULL,
)
Request URL: /cakephp-2.8.2/img/nav-repeat2.jpg
Stack Trace:
#0 /var/www/html/cakephp-2.8.2/app/webroot/index.php(111): Dispatcher->dispatch(Object(CakeRequest), Object(CakeResponse))
#1 {main}
2016-03-18 04:44:10 Error: [MissingControllerException] Controller class ImgController could not be found.
Exception Attributes: array (
  'class' => 'ImgController',
  'plugin' => NULL,
)
Request URL: /cakephp-2.8.2/img/header-repeat.jpg
Stack Trace:
#0 /var/www/html/cakephp-2.8.2/app/webroot/index.php(111): Dispatcher->dispatch(Object(CakeRequest), Object(CakeResponse))
#1 {main}
2016-03-18 04:44:10 Error: [MissingControllerException] Controller class ImgController could not be found.
Exception Attributes: array (
  'class' => 'ImgController',
  'plugin' => NULL,
)
Request URL: /cakephp-2.8.2/img/icon-charts-graphs.png
Stack Trace:
#0 /var/www/html/cakephp-2.8.2/app/webroot/index.php(111): Dispatcher->dispatch(Object(CakeRequest), Object(CakeResponse))
#1 {main}
2016-03-18 04:44:10 Error: [MissingControllerException] Controller class ImgController could not be found.
Exception Attributes: array (
  'class' => 'ImgController',
  'plugin' => NULL,
)
Request URL: /cakephp-2.8.2/img/icon-typography.png
Stack Trace:
#0 /var/www/html/cakephp-2.8.2/app/webroot/index.php(111): Dispatcher->dispatch(Object(CakeRequest), Object(CakeResponse))
#1 {main}
2016-03-18 04:44:10 Error: [MissingControllerException] Controller class ImgController could not be found.
Exception Attributes: array (
  'class' => 'ImgController',
  'plugin' => NULL,
)
Request URL: /cakephp-2.8.2/img/icon-dashboard.png
Stack Trace:
#0 /var/www/html/cakephp-2.8.2/app/webroot/index.php(111): Dispatcher->dispatch(Object(CakeRequest), Object(CakeResponse))
#1 {main}
2016-03-18 04:44:10 Error: [MissingControllerException] Controller class ImgController could not be found.
Exception Attributes: array (
  'class' => 'ImgController',
  'plugin' => NULL,
)
Request URL: /cakephp-2.8.2/img/icon-form-style.png
Stack Trace:
#0 /var/www/html/cakephp-2.8.2/app/webroot/index.php(111): Dispatcher->dispatch(Object(CakeRequest), Object(CakeResponse))
#1 {main}
2016-03-18 04:44:10 Error: [MissingControllerException] Controller class ImgController could not be found.
Exception Attributes: array (
  'class' => 'ImgController',
  'plugin' => NULL,
)
Request URL: /cakephp-2.8.2/img/sidemenu-repeat.jpg
Stack Trace:
#0 /var/www/html/cakephp-2.8.2/app/webroot/index.php(111): Dispatcher->dispatch(Object(CakeRequest), Object(CakeResponse))
#1 {main}
2016-03-18 04:44:10 Error: [MissingControllerException] Controller class ImgController could not be found.
Exception Attributes: array (
  'class' => 'ImgController',
  'plugin' => NULL,
)
Request URL: /cakephp-2.8.2/img/icon-gallery.png
Stack Trace:
#0 /var/www/html/cakephp-2.8.2/app/webroot/index.php(111): Dispatcher->dispatch(Object(CakeRequest), Object(CakeResponse))
#1 {main}
2016-03-18 04:44:10 Error: [MissingControllerException] Controller class ImgController could not be found.
Exception Attributes: array (
  'class' => 'ImgController',
  'plugin' => NULL,
)
Request URL: /cakephp-2.8.2/img/icon-notifications.png
Stack Trace:
#0 /var/www/html/cakephp-2.8.2/app/webroot/index.php(111): Dispatcher->dispatch(Object(CakeRequest), Object(CakeResponse))
#1 {main}
2016-03-18 04:44:10 Error: [MissingControllerException] Controller class ImgController could not be found.
Exception Attributes: array (
  'class' => 'ImgController',
  'plugin' => NULL,
)
Request URL: /cakephp-2.8.2/img/icon-grid-tables.png
Stack Trace:
#0 /var/www/html/cakephp-2.8.2/app/webroot/index.php(111): Dispatcher->dispatch(Object(CakeRequest), Object(CakeResponse))
#1 {main}
2016-03-18 04:44:56 Error: [MissingControllerException] Controller class ImgController could not be found.
Exception Attributes: array (
  'class' => 'ImgController',
  'plugin' => NULL,
)
Request URL: /cakephp-2.8.2/img/logo.png
Stack Trace:
#0 /var/www/html/cakephp-2.8.2/app/webroot/index.php(111): Dispatcher->dispatch(Object(CakeRequest), Object(CakeResponse))
#1 {main}
2016-03-18 04:44:57 Error: [MissingControllerException] Controller class ImgController could not be found.
Exception Attributes: array (
  'class' => 'ImgController',
  'plugin' => NULL,
)
Request URL: /cakephp-2.8.2/img/img-profile.jpg
Stack Trace:
#0 /var/www/html/cakephp-2.8.2/app/webroot/index.php(111): Dispatcher->dispatch(Object(CakeRequest), Object(CakeResponse))
#1 {main}
2016-03-18 04:44:57 Error: [MissingControllerException] Controller class ImgController could not be found.
Exception Attributes: array (
  'class' => 'ImgController',
  'plugin' => NULL,
)
Request URL: /cakephp-2.8.2/img/icon-form-style.png
Stack Trace:
#0 /var/www/html/cakephp-2.8.2/app/webroot/index.php(111): Dispatcher->dispatch(Object(CakeRequest), Object(CakeResponse))
#1 {main}
2016-03-18 04:44:57 Error: [MissingControllerException] Controller class ImgController could not be found.
Exception Attributes: array (
  'class' => 'ImgController',
  'plugin' => NULL,
)
Request URL: /cakephp-2.8.2/img/nav-repeat2.jpg
Stack Trace:
#0 /var/www/html/cakephp-2.8.2/app/webroot/index.php(111): Dispatcher->dispatch(Object(CakeRequest), Object(CakeResponse))
#1 {main}
2016-03-18 04:44:57 Error: [MissingControllerException] Controller class ImgController could not be found.
Exception Attributes: array (
  'class' => 'ImgController',
  'plugin' => NULL,
)
Request URL: /cakephp-2.8.2/img/header-repeat.jpg
Stack Trace:
#0 /var/www/html/cakephp-2.8.2/app/webroot/index.php(111): Dispatcher->dispatch(Object(CakeRequest), Object(CakeResponse))
#1 {main}
2016-03-18 04:44:57 Error: [MissingControllerException] Controller class ImgController could not be found.
Exception Attributes: array (
  'class' => 'ImgController',
  'plugin' => NULL,
)
Request URL: /cakephp-2.8.2/img/icon-dashboard.png
Stack Trace:
#0 /var/www/html/cakephp-2.8.2/app/webroot/index.php(111): Dispatcher->dispatch(Object(CakeRequest), Object(CakeResponse))
#1 {main}
2016-03-18 04:44:57 Error: [MissingControllerException] Controller class ImgController could not be found.
Exception Attributes: array (
  'class' => 'ImgController',
  'plugin' => NULL,
)
Request URL: /cakephp-2.8.2/img/icon-typography.png
Stack Trace:
#0 /var/www/html/cakephp-2.8.2/app/webroot/index.php(111): Dispatcher->dispatch(Object(CakeRequest), Object(CakeResponse))
#1 {main}
2016-03-18 04:44:57 Error: [MissingControllerException] Controller class ImgController could not be found.
Exception Attributes: array (
  'class' => 'ImgController',
  'plugin' => NULL,
)
Request URL: /cakephp-2.8.2/img/icon-grid-tables.png
Stack Trace:
#0 /var/www/html/cakephp-2.8.2/app/webroot/index.php(111): Dispatcher->dispatch(Object(CakeRequest), Object(CakeResponse))
#1 {main}
2016-03-18 04:44:57 Error: [MissingControllerException] Controller class ImgController could not be found.
Exception Attributes: array (
  'class' => 'ImgController',
  'plugin' => NULL,
)
Request URL: /cakephp-2.8.2/img/icon-gallery.png
Stack Trace:
#0 /var/www/html/cakephp-2.8.2/app/webroot/index.php(111): Dispatcher->dispatch(Object(CakeRequest), Object(CakeResponse))
#1 {main}
2016-03-18 04:44:57 Error: [MissingControllerException] Controller class ImgController could not be found.
Exception Attributes: array (
  'class' => 'ImgController',
  'plugin' => NULL,
)
Request URL: /cakephp-2.8.2/img/icon-charts-graphs.png
Stack Trace:
#0 /var/www/html/cakephp-2.8.2/app/webroot/index.php(111): Dispatcher->dispatch(Object(CakeRequest), Object(CakeResponse))
#1 {main}
2016-03-18 04:44:57 Error: [MissingControllerException] Controller class ImgController could not be found.
Exception Attributes: array (
  'class' => 'ImgController',
  'plugin' => NULL,
)
Request URL: /cakephp-2.8.2/img/sidemenu-repeat.jpg
Stack Trace:
#0 /var/www/html/cakephp-2.8.2/app/webroot/index.php(111): Dispatcher->dispatch(Object(CakeRequest), Object(CakeResponse))
#1 {main}
2016-03-18 04:44:57 Error: [MissingControllerException] Controller class ImgController could not be found.
Exception Attributes: array (
  'class' => 'ImgController',
  'plugin' => NULL,
)
Request URL: /cakephp-2.8.2/img/icon-notifications.png
Stack Trace:
#0 /var/www/html/cakephp-2.8.2/app/webroot/index.php(111): Dispatcher->dispatch(Object(CakeRequest), Object(CakeResponse))
#1 {main}
2016-03-18 04:46:18 Error: [MissingControllerException] Controller class ImgController could not be found.
Exception Attributes: array (
  'class' => 'ImgController',
  'plugin' => NULL,
)
Request URL: /cakephp-2.8.2/img/sidemenu-repeat-hover.jpg
Stack Trace:
#0 /var/www/html/cakephp-2.8.2/app/webroot/index.php(111): Dispatcher->dispatch(Object(CakeRequest), Object(CakeResponse))
#1 {main}
2016-03-18 04:46:37 Error: [MissingControllerException] Controller class ImgController could not be found.
Exception Attributes: array (
  'class' => 'ImgController',
  'plugin' => NULL,
)
Request URL: /cakephp-2.8.2/img/icon-typography.png
Stack Trace:
#0 /var/www/html/cakephp-2.8.2/app/webroot/index.php(111): Dispatcher->dispatch(Object(CakeRequest), Object(CakeResponse))
#1 {main}
2016-03-18 04:47:41 Error: [MissingControllerException] Controller class Dashboard.htmlController could not be found.
Exception Attributes: array (
  'class' => 'Dashboard.htmlController',
  'plugin' => NULL,
)
Request URL: /cakephp-2.8.2/dashboard.html
Stack Trace:
#0 /var/www/html/cakephp-2.8.2/app/webroot/index.php(111): Dispatcher->dispatch(Object(CakeRequest), Object(CakeResponse))
#1 {main}
2016-03-18 04:47:41 Error: [MissingControllerException] Controller class ImgController could not be found.
Exception Attributes: array (
  'class' => 'ImgController',
  'plugin' => NULL,
)
Request URL: /cakephp-2.8.2/img/icon-typography.png
Stack Trace:
#0 /var/www/html/cakephp-2.8.2/app/webroot/index.php(111): Dispatcher->dispatch(Object(CakeRequest), Object(CakeResponse))
#1 {main}
2016-03-18 04:47:42 Error: [MissingControllerException] Controller class Dashboard.htmlController could not be found.
Exception Attributes: array (
  'class' => 'Dashboard.htmlController',
  'plugin' => NULL,
)
Request URL: /cakephp-2.8.2/dashboard.html
Stack Trace:
#0 /var/www/html/cakephp-2.8.2/app/webroot/index.php(111): Dispatcher->dispatch(Object(CakeRequest), Object(CakeResponse))
#1 {main}
2016-03-18 04:47:43 Error: [MissingControllerException] Controller class ImgController could not be found.
Exception Attributes: array (
  'class' => 'ImgController',
  'plugin' => NULL,
)
Request URL: /cakephp-2.8.2/img/icon-typography.png
Stack Trace:
#0 /var/www/html/cakephp-2.8.2/app/webroot/index.php(111): Dispatcher->dispatch(Object(CakeRequest), Object(CakeResponse))
#1 {main}
2016-03-18 04:50:27 Error: [MissingControllerException] Controller class Dashboard.htmlController could not be found.
Exception Attributes: array (
  'class' => 'Dashboard.htmlController',
  'plugin' => NULL,
)
Request URL: /cakephp-2.8.2/dashboard.html
Stack Trace:
#0 /var/www/html/cakephp-2.8.2/app/webroot/index.php(111): Dispatcher->dispatch(Object(CakeRequest), Object(CakeResponse))
#1 {main}
2016-03-18 04:50:28 Error: [MissingControllerException] Controller class ImgController could not be found.
Exception Attributes: array (
  'class' => 'ImgController',
  'plugin' => NULL,
)
Request URL: /cakephp-2.8.2/img/icon-typography.png
Stack Trace:
#0 /var/www/html/cakephp-2.8.2/app/webroot/index.php(111): Dispatcher->dispatch(Object(CakeRequest), Object(CakeResponse))
#1 {main}
2016-03-18 04:50:30 Error: [MissingViewException] View file "Pages/img/logo.png.ctp" is missing.
Exception Attributes: array (
  'file' => 'Pages/img/logo.png.ctp',
)
Request URL: /cakephp-2.8.2/pages/img/logo.png
Stack Trace:
#0 /var/www/html/cakephp-2.8.2/lib/Cake/View/View.php(470): View->_getViewFileName('img/logo.png')
#1 /var/www/html/cakephp-2.8.2/lib/Cake/Controller/Controller.php(963): View->render('img/logo.png', NULL)
#2 /var/www/html/cakephp-2.8.2/app/Controller/PagesController.php(68): Controller->render('img/logo.png')
#3 [internal function]: PagesController->display('img', 'logo.png')
#4 /var/www/html/cakephp-2.8.2/lib/Cake/Controller/Controller.php(491): ReflectionMethod->invokeArgs(Object(PagesController), Array)
#5 /var/www/html/cakephp-2.8.2/lib/Cake/Routing/Dispatcher.php(193): Controller->invokeAction(Object(CakeRequest))
#6 /var/www/html/cakephp-2.8.2/lib/Cake/Routing/Dispatcher.php(167): Dispatcher->_invoke(Object(PagesController), Object(CakeRequest))
#7 /var/www/html/cakephp-2.8.2/app/webroot/index.php(111): Dispatcher->dispatch(Object(CakeRequest), Object(CakeResponse))
#8 {main}
2016-03-18 04:50:30 Error: [MissingViewException] View file "Pages/img/img-profile.jpg.ctp" is missing.
Exception Attributes: array (
  'file' => 'Pages/img/img-profile.jpg.ctp',
)
Request URL: /cakephp-2.8.2/pages/img/img-profile.jpg
Stack Trace:
#0 /var/www/html/cakephp-2.8.2/lib/Cake/View/View.php(470): View->_getViewFileName('img/img-profile...')
#1 /var/www/html/cakephp-2.8.2/lib/Cake/Controller/Controller.php(963): View->render('img/img-profile...', NULL)
#2 /var/www/html/cakephp-2.8.2/app/Controller/PagesController.php(68): Controller->render('img/img-profile...')
#3 [internal function]: PagesController->display('img', 'img-profile.jpg')
#4 /var/www/html/cakephp-2.8.2/lib/Cake/Controller/Controller.php(491): ReflectionMethod->invokeArgs(Object(PagesController), Array)
#5 /var/www/html/cakephp-2.8.2/lib/Cake/Routing/Dispatcher.php(193): Controller->invokeAction(Object(CakeRequest))
#6 /var/www/html/cakephp-2.8.2/lib/Cake/Routing/Dispatcher.php(167): Dispatcher->_invoke(Object(PagesController), Object(CakeRequest))
#7 /var/www/html/cakephp-2.8.2/app/webroot/index.php(111): Dispatcher->dispatch(Object(CakeRequest), Object(CakeResponse))
#8 {main}
2016-03-18 04:50:31 Error: [MissingControllerException] Controller class ImgController could not be found.
Exception Attributes: array (
  'class' => 'ImgController',
  'plugin' => NULL,
)
Request URL: /cakephp-2.8.2/img/icon-typography.png
Stack Trace:
#0 /var/www/html/cakephp-2.8.2/app/webroot/index.php(111): Dispatcher->dispatch(Object(CakeRequest), Object(CakeResponse))
#1 {main}
2016-03-18 04:51:17 Error: [MissingViewException] View file "Pages/img/logo.png.ctp" is missing.
Exception Attributes: array (
  'file' => 'Pages/img/logo.png.ctp',
)
Request URL: /cakephp-2.8.2/pages/img/logo.png
Stack Trace:
#0 /var/www/html/cakephp-2.8.2/lib/Cake/View/View.php(470): View->_getViewFileName('img/logo.png')
#1 /var/www/html/cakephp-2.8.2/lib/Cake/Controller/Controller.php(963): View->render('img/logo.png', NULL)
#2 /var/www/html/cakephp-2.8.2/app/Controller/PagesController.php(68): Controller->render('img/logo.png')
#3 [internal function]: PagesController->display('img', 'logo.png')
#4 /var/www/html/cakephp-2.8.2/lib/Cake/Controller/Controller.php(491): ReflectionMethod->invokeArgs(Object(PagesController), Array)
#5 /var/www/html/cakephp-2.8.2/lib/Cake/Routing/Dispatcher.php(193): Controller->invokeAction(Object(CakeRequest))
#6 /var/www/html/cakephp-2.8.2/lib/Cake/Routing/Dispatcher.php(167): Dispatcher->_invoke(Object(PagesController), Object(CakeRequest))
#7 /var/www/html/cakephp-2.8.2/app/webroot/index.php(111): Dispatcher->dispatch(Object(CakeRequest), Object(CakeResponse))
#8 {main}
2016-03-18 04:51:17 Error: [MissingViewException] View file "Pages/img/img-profile.jpg.ctp" is missing.
Exception Attributes: array (
  'file' => 'Pages/img/img-profile.jpg.ctp',
)
Request URL: /cakephp-2.8.2/pages/img/img-profile.jpg
Stack Trace:
#0 /var/www/html/cakephp-2.8.2/lib/Cake/View/View.php(470): View->_getViewFileName('img/img-profile...')
#1 /var/www/html/cakephp-2.8.2/lib/Cake/Controller/Controller.php(963): View->render('img/img-profile...', NULL)
#2 /var/www/html/cakephp-2.8.2/app/Controller/PagesController.php(68): Controller->render('img/img-profile...')
#3 [internal function]: PagesController->display('img', 'img-profile.jpg')
#4 /var/www/html/cakephp-2.8.2/lib/Cake/Controller/Controller.php(491): ReflectionMethod->invokeArgs(Object(PagesController), Array)
#5 /var/www/html/cakephp-2.8.2/lib/Cake/Routing/Dispatcher.php(193): Controller->invokeAction(Object(CakeRequest))
#6 /var/www/html/cakephp-2.8.2/lib/Cake/Routing/Dispatcher.php(167): Dispatcher->_invoke(Object(PagesController), Object(CakeRequest))
#7 /var/www/html/cakephp-2.8.2/app/webroot/index.php(111): Dispatcher->dispatch(Object(CakeRequest), Object(CakeResponse))
#8 {main}
2016-03-18 04:51:17 Error: [MissingControllerException] Controller class ImgController could not be found.
Exception Attributes: array (
  'class' => 'ImgController',
  'plugin' => NULL,
)
Request URL: /cakephp-2.8.2/img/icon-typography.png
Stack Trace:
#0 /var/www/html/cakephp-2.8.2/app/webroot/index.php(111): Dispatcher->dispatch(Object(CakeRequest), Object(CakeResponse))
#1 {main}
2016-03-18 04:51:45 Error: [MissingViewException] View file "Pages/img/logo.png.ctp" is missing.
Exception Attributes: array (
  'file' => 'Pages/img/logo.png.ctp',
)
Request URL: /cakephp-2.8.2/pages/img/logo.png
Stack Trace:
#0 /var/www/html/cakephp-2.8.2/lib/Cake/View/View.php(470): View->_getViewFileName('img/logo.png')
#1 /var/www/html/cakephp-2.8.2/lib/Cake/Controller/Controller.php(963): View->render('img/logo.png', NULL)
#2 /var/www/html/cakephp-2.8.2/app/Controller/PagesController.php(68): Controller->render('img/logo.png')
#3 [internal function]: PagesController->display('img', 'logo.png')
#4 /var/www/html/cakephp-2.8.2/lib/Cake/Controller/Controller.php(491): ReflectionMethod->invokeArgs(Object(PagesController), Array)
#5 /var/www/html/cakephp-2.8.2/lib/Cake/Routing/Dispatcher.php(193): Controller->invokeAction(Object(CakeRequest))
#6 /var/www/html/cakephp-2.8.2/lib/Cake/Routing/Dispatcher.php(167): Dispatcher->_invoke(Object(PagesController), Object(CakeRequest))
#7 /var/www/html/cakephp-2.8.2/app/webroot/index.php(111): Dispatcher->dispatch(Object(CakeRequest), Object(CakeResponse))
#8 {main}
2016-03-18 04:51:45 Error: [MissingViewException] View file "Pages/img/img-profile.jpg.ctp" is missing.
Exception Attributes: array (
  'file' => 'Pages/img/img-profile.jpg.ctp',
)
Request URL: /cakephp-2.8.2/pages/img/img-profile.jpg
Stack Trace:
#0 /var/www/html/cakephp-2.8.2/lib/Cake/View/View.php(470): View->_getViewFileName('img/img-profile...')
#1 /var/www/html/cakephp-2.8.2/lib/Cake/Controller/Controller.php(963): View->render('img/img-profile...', NULL)
#2 /var/www/html/cakephp-2.8.2/app/Controller/PagesController.php(68): Controller->render('img/img-profile...')
#3 [internal function]: PagesController->display('img', 'img-profile.jpg')
#4 /var/www/html/cakephp-2.8.2/lib/Cake/Controller/Controller.php(491): ReflectionMethod->invokeArgs(Object(PagesController), Array)
#5 /var/www/html/cakephp-2.8.2/lib/Cake/Routing/Dispatcher.php(193): Controller->invokeAction(Object(CakeRequest))
#6 /var/www/html/cakephp-2.8.2/lib/Cake/Routing/Dispatcher.php(167): Dispatcher->_invoke(Object(PagesController), Object(CakeRequest))
#7 /var/www/html/cakephp-2.8.2/app/webroot/index.php(111): Dispatcher->dispatch(Object(CakeRequest), Object(CakeResponse))
#8 {main}
2016-03-18 04:51:46 Error: [MissingControllerException] Controller class ImgController could not be found.
Exception Attributes: array (
  'class' => 'ImgController',
  'plugin' => NULL,
)
Request URL: /cakephp-2.8.2/img/icon-typography.png
Stack Trace:
#0 /var/www/html/cakephp-2.8.2/app/webroot/index.php(111): Dispatcher->dispatch(Object(CakeRequest), Object(CakeResponse))
#1 {main}
2016-03-18 04:51:51 Error: [MissingViewException] View file "Pages/img/logo.png.ctp" is missing.
Exception Attributes: array (
  'file' => 'Pages/img/logo.png.ctp',
)
Request URL: /cakephp-2.8.2/pages/img/logo.png
Stack Trace:
#0 /var/www/html/cakephp-2.8.2/lib/Cake/View/View.php(470): View->_getViewFileName('img/logo.png')
#1 /var/www/html/cakephp-2.8.2/lib/Cake/Controller/Controller.php(963): View->render('img/logo.png', NULL)
#2 /var/www/html/cakephp-2.8.2/app/Controller/PagesController.php(68): Controller->render('img/logo.png')
#3 [internal function]: PagesController->display('img', 'logo.png')
#4 /var/www/html/cakephp-2.8.2/lib/Cake/Controller/Controller.php(491): ReflectionMethod->invokeArgs(Object(PagesController), Array)
#5 /var/www/html/cakephp-2.8.2/lib/Cake/Routing/Dispatcher.php(193): Controller->invokeAction(Object(CakeRequest))
#6 /var/www/html/cakephp-2.8.2/lib/Cake/Routing/Dispatcher.php(167): Dispatcher->_invoke(Object(PagesController), Object(CakeRequest))
#7 /var/www/html/cakephp-2.8.2/app/webroot/index.php(111): Dispatcher->dispatch(Object(CakeRequest), Object(CakeResponse))
#8 {main}
2016-03-18 04:51:51 Error: [MissingViewException] View file "Pages/img/img-profile.jpg.ctp" is missing.
Exception Attributes: array (
  'file' => 'Pages/img/img-profile.jpg.ctp',
)
Request URL: /cakephp-2.8.2/pages/img/img-profile.jpg
Stack Trace:
#0 /var/www/html/cakephp-2.8.2/lib/Cake/View/View.php(470): View->_getViewFileName('img/img-profile...')
#1 /var/www/html/cakephp-2.8.2/lib/Cake/Controller/Controller.php(963): View->render('img/img-profile...', NULL)
#2 /var/www/html/cakephp-2.8.2/app/Controller/PagesController.php(68): Controller->render('img/img-profile...')
#3 [internal function]: PagesController->display('img', 'img-profile.jpg')
#4 /var/www/html/cakephp-2.8.2/lib/Cake/Controller/Controller.php(491): ReflectionMethod->invokeArgs(Object(PagesController), Array)
#5 /var/www/html/cakephp-2.8.2/lib/Cake/Routing/Dispatcher.php(193): Controller->invokeAction(Object(CakeRequest))
#6 /var/www/html/cakephp-2.8.2/lib/Cake/Routing/Dispatcher.php(167): Dispatcher->_invoke(Object(PagesController), Object(CakeRequest))
#7 /var/www/html/cakephp-2.8.2/app/webroot/index.php(111): Dispatcher->dispatch(Object(CakeRequest), Object(CakeResponse))
#8 {main}
2016-03-18 04:51:51 Error: [MissingControllerException] Controller class ImgController could not be found.
Exception Attributes: array (
  'class' => 'ImgController',
  'plugin' => NULL,
)
Request URL: /cakephp-2.8.2/img/icon-typography.png
Stack Trace:
#0 /var/www/html/cakephp-2.8.2/app/webroot/index.php(111): Dispatcher->dispatch(Object(CakeRequest), Object(CakeResponse))
#1 {main}
2016-03-18 04:53:04 Error: [MissingViewException] View file "Pages/img/logo.png.ctp" is missing.
Exception Attributes: array (
  'file' => 'Pages/img/logo.png.ctp',
)
Request URL: /cakephp-2.8.2/pages/img/logo.png
Stack Trace:
#0 /var/www/html/cakephp-2.8.2/lib/Cake/View/View.php(470): View->_getViewFileName('img/logo.png')
#1 /var/www/html/cakephp-2.8.2/lib/Cake/Controller/Controller.php(963): View->render('img/logo.png', NULL)
#2 /var/www/html/cakephp-2.8.2/app/Controller/PagesController.php(68): Controller->render('img/logo.png')
#3 [internal function]: PagesController->display('img', 'logo.png')
#4 /var/www/html/cakephp-2.8.2/lib/Cake/Controller/Controller.php(491): ReflectionMethod->invokeArgs(Object(PagesController), Array)
#5 /var/www/html/cakephp-2.8.2/lib/Cake/Routing/Dispatcher.php(193): Controller->invokeAction(Object(CakeRequest))
#6 /var/www/html/cakephp-2.8.2/lib/Cake/Routing/Dispatcher.php(167): Dispatcher->_invoke(Object(PagesController), Object(CakeRequest))
#7 /var/www/html/cakephp-2.8.2/app/webroot/index.php(111): Dispatcher->dispatch(Object(CakeRequest), Object(CakeResponse))
#8 {main}
2016-03-18 04:53:04 Error: [MissingControllerException] Controller class ImgController could not be found.
Exception Attributes: array (
  'class' => 'ImgController',
  'plugin' => NULL,
)
Request URL: /cakephp-2.8.2/img/icon-typography.png
Stack Trace:
#0 /var/www/html/cakephp-2.8.2/app/webroot/index.php(111): Dispatcher->dispatch(Object(CakeRequest), Object(CakeResponse))
#1 {main}
2016-03-18 04:53:04 Error: [MissingViewException] View file "Pages/img/img-profile.jpg.ctp" is missing.
Exception Attributes: array (
  'file' => 'Pages/img/img-profile.jpg.ctp',
)
Request URL: /cakephp-2.8.2/pages/img/img-profile.jpg
Stack Trace:
#0 /var/www/html/cakephp-2.8.2/lib/Cake/View/View.php(470): View->_getViewFileName('img/img-profile...')
#1 /var/www/html/cakephp-2.8.2/lib/Cake/Controller/Controller.php(963): View->render('img/img-profile...', NULL)
#2 /var/www/html/cakephp-2.8.2/app/Controller/PagesController.php(68): Controller->render('img/img-profile...')
#3 [internal function]: PagesController->display('img', 'img-profile.jpg')
#4 /var/www/html/cakephp-2.8.2/lib/Cake/Controller/Controller.php(491): ReflectionMethod->invokeArgs(Object(PagesController), Array)
#5 /var/www/html/cakephp-2.8.2/lib/Cake/Routing/Dispatcher.php(193): Controller->invokeAction(Object(CakeRequest))
#6 /var/www/html/cakephp-2.8.2/lib/Cake/Routing/Dispatcher.php(167): Dispatcher->_invoke(Object(PagesController), Object(CakeRequest))
#7 /var/www/html/cakephp-2.8.2/app/webroot/index.php(111): Dispatcher->dispatch(Object(CakeRequest), Object(CakeResponse))
#8 {main}
2016-03-18 04:53:42 Error: [MissingViewException] View file "Pages/img/logo.png.ctp" is missing.
Exception Attributes: array (
  'file' => 'Pages/img/logo.png.ctp',
)
Request URL: /cakephp-2.8.2/pages/img/logo.png
Stack Trace:
#0 /var/www/html/cakephp-2.8.2/lib/Cake/View/View.php(470): View->_getViewFileName('img/logo.png')
#1 /var/www/html/cakephp-2.8.2/lib/Cake/Controller/Controller.php(963): View->render('img/logo.png', NULL)
#2 /var/www/html/cakephp-2.8.2/app/Controller/PagesController.php(68): Controller->render('img/logo.png')
#3 [internal function]: PagesController->display('img', 'logo.png')
#4 /var/www/html/cakephp-2.8.2/lib/Cake/Controller/Controller.php(491): ReflectionMethod->invokeArgs(Object(PagesController), Array)
#5 /var/www/html/cakephp-2.8.2/lib/Cake/Routing/Dispatcher.php(193): Controller->invokeAction(Object(CakeRequest))
#6 /var/www/html/cakephp-2.8.2/lib/Cake/Routing/Dispatcher.php(167): Dispatcher->_invoke(Object(PagesController), Object(CakeRequest))
#7 /var/www/html/cakephp-2.8.2/app/webroot/index.php(111): Dispatcher->dispatch(Object(CakeRequest), Object(CakeResponse))
#8 {main}
2016-03-18 04:53:42 Error: [MissingViewException] View file "Pages/img/img-profile.jpg.ctp" is missing.
Exception Attributes: array (
  'file' => 'Pages/img/img-profile.jpg.ctp',
)
Request URL: /cakephp-2.8.2/pages/img/img-profile.jpg
Stack Trace:
#0 /var/www/html/cakephp-2.8.2/lib/Cake/View/View.php(470): View->_getViewFileName('img/img-profile...')
#1 /var/www/html/cakephp-2.8.2/lib/Cake/Controller/Controller.php(963): View->render('img/img-profile...', NULL)
#2 /var/www/html/cakephp-2.8.2/app/Controller/PagesController.php(68): Controller->render('img/img-profile...')
#3 [internal function]: PagesController->display('img', 'img-profile.jpg')
#4 /var/www/html/cakephp-2.8.2/lib/Cake/Controller/Controller.php(491): ReflectionMethod->invokeArgs(Object(PagesController), Array)
#5 /var/www/html/cakephp-2.8.2/lib/Cake/Routing/Dispatcher.php(193): Controller->invokeAction(Object(CakeRequest))
#6 /var/www/html/cakephp-2.8.2/lib/Cake/Routing/Dispatcher.php(167): Dispatcher->_invoke(Object(PagesController), Object(CakeRequest))
#7 /var/www/html/cakephp-2.8.2/app/webroot/index.php(111): Dispatcher->dispatch(Object(CakeRequest), Object(CakeResponse))
#8 {main}
2016-03-18 04:53:42 Error: [MissingControllerException] Controller class ImgController could not be found.
Exception Attributes: array (
  'class' => 'ImgController',
  'plugin' => NULL,
)
Request URL: /cakephp-2.8.2/img/icon-typography.png
Stack Trace:
#0 /var/www/html/cakephp-2.8.2/app/webroot/index.php(111): Dispatcher->dispatch(Object(CakeRequest), Object(CakeResponse))
#1 {main}
2016-03-18 04:55:34 Error: [MissingViewException] View file "Pages/img/logo.png.ctp" is missing.
Exception Attributes: array (
  'file' => 'Pages/img/logo.png.ctp',
)
Request URL: /cakephp-2.8.2/pages/img/logo.png
Stack Trace:
#0 /var/www/html/cakephp-2.8.2/lib/Cake/View/View.php(470): View->_getViewFileName('img/logo.png')
#1 /var/www/html/cakephp-2.8.2/lib/Cake/Controller/Controller.php(963): View->render('img/logo.png', NULL)
#2 /var/www/html/cakephp-2.8.2/app/Controller/PagesController.php(68): Controller->render('img/logo.png')
#3 [internal function]: PagesController->display('img', 'logo.png')
#4 /var/www/html/cakephp-2.8.2/lib/Cake/Controller/Controller.php(491): ReflectionMethod->invokeArgs(Object(PagesController), Array)
#5 /var/www/html/cakephp-2.8.2/lib/Cake/Routing/Dispatcher.php(193): Controller->invokeAction(Object(CakeRequest))
#6 /var/www/html/cakephp-2.8.2/lib/Cake/Routing/Dispatcher.php(167): Dispatcher->_invoke(Object(PagesController), Object(CakeRequest))
#7 /var/www/html/cakephp-2.8.2/app/webroot/index.php(111): Dispatcher->dispatch(Object(CakeRequest), Object(CakeResponse))
#8 {main}
2016-03-18 04:55:34 Error: [MissingViewException] View file "Pages/img/img-profile.jpg.ctp" is missing.
Exception Attributes: array (
  'file' => 'Pages/img/img-profile.jpg.ctp',
)
Request URL: /cakephp-2.8.2/pages/img/img-profile.jpg
Stack Trace:
#0 /var/www/html/cakephp-2.8.2/lib/Cake/View/View.php(470): View->_getViewFileName('img/img-profile...')
#1 /var/www/html/cakephp-2.8.2/lib/Cake/Controller/Controller.php(963): View->render('img/img-profile...', NULL)
#2 /var/www/html/cakephp-2.8.2/app/Controller/PagesController.php(68): Controller->render('img/img-profile...')
#3 [internal function]: PagesController->display('img', 'img-profile.jpg')
#4 /var/www/html/cakephp-2.8.2/lib/Cake/Controller/Controller.php(491): ReflectionMethod->invokeArgs(Object(PagesController), Array)
#5 /var/www/html/cakephp-2.8.2/lib/Cake/Routing/Dispatcher.php(193): Controller->invokeAction(Object(CakeRequest))
#6 /var/www/html/cakephp-2.8.2/lib/Cake/Routing/Dispatcher.php(167): Dispatcher->_invoke(Object(PagesController), Object(CakeRequest))
#7 /var/www/html/cakephp-2.8.2/app/webroot/index.php(111): Dispatcher->dispatch(Object(CakeRequest), Object(CakeResponse))
#8 {main}
2016-03-18 04:55:34 Error: [MissingControllerException] Controller class ImgController could not be found.
Exception Attributes: array (
  'class' => 'ImgController',
  'plugin' => NULL,
)
Request URL: /cakephp-2.8.2/img/icon-typography.png
Stack Trace:
#0 /var/www/html/cakephp-2.8.2/app/webroot/index.php(111): Dispatcher->dispatch(Object(CakeRequest), Object(CakeResponse))
#1 {main}
2016-03-18 04:55:50 Error: [MissingViewException] View file "Pages/img/logo.png.ctp" is missing.
Exception Attributes: array (
  'file' => 'Pages/img/logo.png.ctp',
)
Request URL: /cakephp-2.8.2/pages/img/logo.png
Stack Trace:
#0 /var/www/html/cakephp-2.8.2/lib/Cake/View/View.php(470): View->_getViewFileName('img/logo.png')
#1 /var/www/html/cakephp-2.8.2/lib/Cake/Controller/Controller.php(963): View->render('img/logo.png', NULL)
#2 /var/www/html/cakephp-2.8.2/app/Controller/PagesController.php(68): Controller->render('img/logo.png')
#3 [internal function]: PagesController->display('img', 'logo.png')
#4 /var/www/html/cakephp-2.8.2/lib/Cake/Controller/Controller.php(491): ReflectionMethod->invokeArgs(Object(PagesController), Array)
#5 /var/www/html/cakephp-2.8.2/lib/Cake/Routing/Dispatcher.php(193): Controller->invokeAction(Object(CakeRequest))
#6 /var/www/html/cakephp-2.8.2/lib/Cake/Routing/Dispatcher.php(167): Dispatcher->_invoke(Object(PagesController), Object(CakeRequest))
#7 /var/www/html/cakephp-2.8.2/app/webroot/index.php(111): Dispatcher->dispatch(Object(CakeRequest), Object(CakeResponse))
#8 {main}
2016-03-18 04:55:50 Error: [MissingViewException] View file "Pages/img/img-profile.jpg.ctp" is missing.
Exception Attributes: array (
  'file' => 'Pages/img/img-profile.jpg.ctp',
)
Request URL: /cakephp-2.8.2/pages/img/img-profile.jpg
Stack Trace:
#0 /var/www/html/cakephp-2.8.2/lib/Cake/View/View.php(470): View->_getViewFileName('img/img-profile...')
#1 /var/www/html/cakephp-2.8.2/lib/Cake/Controller/Controller.php(963): View->render('img/img-profile...', NULL)
#2 /var/www/html/cakephp-2.8.2/app/Controller/PagesController.php(68): Controller->render('img/img-profile...')
#3 [internal function]: PagesController->display('img', 'img-profile.jpg')
#4 /var/www/html/cakephp-2.8.2/lib/Cake/Controller/Controller.php(491): ReflectionMethod->invokeArgs(Object(PagesController), Array)
#5 /var/www/html/cakephp-2.8.2/lib/Cake/Routing/Dispatcher.php(193): Controller->invokeAction(Object(CakeRequest))
#6 /var/www/html/cakephp-2.8.2/lib/Cake/Routing/Dispatcher.php(167): Dispatcher->_invoke(Object(PagesController), Object(CakeRequest))
#7 /var/www/html/cakephp-2.8.2/app/webroot/index.php(111): Dispatcher->dispatch(Object(CakeRequest), Object(CakeResponse))
#8 {main}
2016-03-18 04:55:50 Error: [MissingControllerException] Controller class ImgController could not be found.
Exception Attributes: array (
  'class' => 'ImgController',
  'plugin' => NULL,
)
Request URL: /cakephp-2.8.2/img/icon-typography.png
Stack Trace:
#0 /var/www/html/cakephp-2.8.2/app/webroot/index.php(111): Dispatcher->dispatch(Object(CakeRequest), Object(CakeResponse))
#1 {main}
2016-03-18 04:55:53 Error: [MissingViewException] View file "Pages/img/logo.png.ctp" is missing.
Exception Attributes: array (
  'file' => 'Pages/img/logo.png.ctp',
)
Request URL: /cakephp-2.8.2/pages/img/logo.png
Stack Trace:
#0 /var/www/html/cakephp-2.8.2/lib/Cake/View/View.php(470): View->_getViewFileName('img/logo.png')
#1 /var/www/html/cakephp-2.8.2/lib/Cake/Controller/Controller.php(963): View->render('img/logo.png', NULL)
#2 /var/www/html/cakephp-2.8.2/app/Controller/PagesController.php(68): Controller->render('img/logo.png')
#3 [internal function]: PagesController->display('img', 'logo.png')
#4 /var/www/html/cakephp-2.8.2/lib/Cake/Controller/Controller.php(491): ReflectionMethod->invokeArgs(Object(PagesController), Array)
#5 /var/www/html/cakephp-2.8.2/lib/Cake/Routing/Dispatcher.php(193): Controller->invokeAction(Object(CakeRequest))
#6 /var/www/html/cakephp-2.8.2/lib/Cake/Routing/Dispatcher.php(167): Dispatcher->_invoke(Object(PagesController), Object(CakeRequest))
#7 /var/www/html/cakephp-2.8.2/app/webroot/index.php(111): Dispatcher->dispatch(Object(CakeRequest), Object(CakeResponse))
#8 {main}
2016-03-18 04:55:53 Error: [MissingViewException] View file "Pages/img/img-profile.jpg.ctp" is missing.
Exception Attributes: array (
  'file' => 'Pages/img/img-profile.jpg.ctp',
)
Request URL: /cakephp-2.8.2/pages/img/img-profile.jpg
Stack Trace:
#0 /var/www/html/cakephp-2.8.2/lib/Cake/View/View.php(470): View->_getViewFileName('img/img-profile...')
#1 /var/www/html/cakephp-2.8.2/lib/Cake/Controller/Controller.php(963): View->render('img/img-profile...', NULL)
#2 /var/www/html/cakephp-2.8.2/app/Controller/PagesController.php(68): Controller->render('img/img-profile...')
#3 [internal function]: PagesController->display('img', 'img-profile.jpg')
#4 /var/www/html/cakephp-2.8.2/lib/Cake/Controller/Controller.php(491): ReflectionMethod->invokeArgs(Object(PagesController), Array)
#5 /var/www/html/cakephp-2.8.2/lib/Cake/Routing/Dispatcher.php(193): Controller->invokeAction(Object(CakeRequest))
#6 /var/www/html/cakephp-2.8.2/lib/Cake/Routing/Dispatcher.php(167): Dispatcher->_invoke(Object(PagesController), Object(CakeRequest))
#7 /var/www/html/cakephp-2.8.2/app/webroot/index.php(111): Dispatcher->dispatch(Object(CakeRequest), Object(CakeResponse))
#8 {main}
2016-03-18 04:55:53 Error: [MissingControllerException] Controller class ImgController could not be found.
Exception Attributes: array (
  'class' => 'ImgController',
  'plugin' => NULL,
)
Request URL: /cakephp-2.8.2/img/icon-typography.png
Stack Trace:
#0 /var/www/html/cakephp-2.8.2/app/webroot/index.php(111): Dispatcher->dispatch(Object(CakeRequest), Object(CakeResponse))
#1 {main}
2016-03-18 04:56:03 Error: [MissingViewException] View file "Pages/img/logo.png.ctp" is missing.
Exception Attributes: array (
  'file' => 'Pages/img/logo.png.ctp',
)
Request URL: /cakephp-2.8.2/pages/img/logo.png
Stack Trace:
#0 /var/www/html/cakephp-2.8.2/lib/Cake/View/View.php(470): View->_getViewFileName('img/logo.png')
#1 /var/www/html/cakephp-2.8.2/lib/Cake/Controller/Controller.php(963): View->render('img/logo.png', NULL)
#2 /var/www/html/cakephp-2.8.2/app/Controller/PagesController.php(68): Controller->render('img/logo.png')
#3 [internal function]: PagesController->display('img', 'logo.png')
#4 /var/www/html/cakephp-2.8.2/lib/Cake/Controller/Controller.php(491): ReflectionMethod->invokeArgs(Object(PagesController), Array)
#5 /var/www/html/cakephp-2.8.2/lib/Cake/Routing/Dispatcher.php(193): Controller->invokeAction(Object(CakeRequest))
#6 /var/www/html/cakephp-2.8.2/lib/Cake/Routing/Dispatcher.php(167): Dispatcher->_invoke(Object(PagesController), Object(CakeRequest))
#7 /var/www/html/cakephp-2.8.2/app/webroot/index.php(111): Dispatcher->dispatch(Object(CakeRequest), Object(CakeResponse))
#8 {main}
2016-03-18 04:56:03 Error: [MissingViewException] View file "Pages/img/img-profile.jpg.ctp" is missing.
Exception Attributes: array (
  'file' => 'Pages/img/img-profile.jpg.ctp',
)
Request URL: /cakephp-2.8.2/pages/img/img-profile.jpg
Stack Trace:
#0 /var/www/html/cakephp-2.8.2/lib/Cake/View/View.php(470): View->_getViewFileName('img/img-profile...')
#1 /var/www/html/cakephp-2.8.2/lib/Cake/Controller/Controller.php(963): View->render('img/img-profile...', NULL)
#2 /var/www/html/cakephp-2.8.2/app/Controller/PagesController.php(68): Controller->render('img/img-profile...')
#3 [internal function]: PagesController->display('img', 'img-profile.jpg')
#4 /var/www/html/cakephp-2.8.2/lib/Cake/Controller/Controller.php(491): ReflectionMethod->invokeArgs(Object(PagesController), Array)
#5 /var/www/html/cakephp-2.8.2/lib/Cake/Routing/Dispatcher.php(193): Controller->invokeAction(Object(CakeRequest))
#6 /var/www/html/cakephp-2.8.2/lib/Cake/Routing/Dispatcher.php(167): Dispatcher->_invoke(Object(PagesController), Object(CakeRequest))
#7 /var/www/html/cakephp-2.8.2/app/webroot/index.php(111): Dispatcher->dispatch(Object(CakeRequest), Object(CakeResponse))
#8 {main}
2016-03-18 04:56:03 Error: [MissingControllerException] Controller class ImgController could not be found.
Exception Attributes: array (
  'class' => 'ImgController',
  'plugin' => NULL,
)
Request URL: /cakephp-2.8.2/img/icon-typography.png
Stack Trace:
#0 /var/www/html/cakephp-2.8.2/app/webroot/index.php(111): Dispatcher->dispatch(Object(CakeRequest), Object(CakeResponse))
#1 {main}
2016-03-18 04:56:32 Error: [MissingViewException] View file "Pages/img/logo.png.ctp" is missing.
Exception Attributes: array (
  'file' => 'Pages/img/logo.png.ctp',
)
Request URL: /cakephp-2.8.2/pages/img/logo.png
Stack Trace:
#0 /var/www/html/cakephp-2.8.2/lib/Cake/View/View.php(470): View->_getViewFileName('img/logo.png')
#1 /var/www/html/cakephp-2.8.2/lib/Cake/Controller/Controller.php(963): View->render('img/logo.png', NULL)
#2 /var/www/html/cakephp-2.8.2/app/Controller/PagesController.php(68): Controller->render('img/logo.png')
#3 [internal function]: PagesController->display('img', 'logo.png')
#4 /var/www/html/cakephp-2.8.2/lib/Cake/Controller/Controller.php(491): ReflectionMethod->invokeArgs(Object(PagesController), Array)
#5 /var/www/html/cakephp-2.8.2/lib/Cake/Routing/Dispatcher.php(193): Controller->invokeAction(Object(CakeRequest))
#6 /var/www/html/cakephp-2.8.2/lib/Cake/Routing/Dispatcher.php(167): Dispatcher->_invoke(Object(PagesController), Object(CakeRequest))
#7 /var/www/html/cakephp-2.8.2/app/webroot/index.php(111): Dispatcher->dispatch(Object(CakeRequest), Object(CakeResponse))
#8 {main}
2016-03-18 04:56:32 Error: [MissingViewException] View file "Pages/img/img-profile.jpg.ctp" is missing.
Exception Attributes: array (
  'file' => 'Pages/img/img-profile.jpg.ctp',
)
Request URL: /cakephp-2.8.2/pages/img/img-profile.jpg
Stack Trace:
#0 /var/www/html/cakephp-2.8.2/lib/Cake/View/View.php(470): View->_getViewFileName('img/img-profile...')
#1 /var/www/html/cakephp-2.8.2/lib/Cake/Controller/Controller.php(963): View->render('img/img-profile...', NULL)
#2 /var/www/html/cakephp-2.8.2/app/Controller/PagesController.php(68): Controller->render('img/img-profile...')
#3 [internal function]: PagesController->display('img', 'img-profile.jpg')
#4 /var/www/html/cakephp-2.8.2/lib/Cake/Controller/Controller.php(491): ReflectionMethod->invokeArgs(Object(PagesController), Array)
#5 /var/www/html/cakephp-2.8.2/lib/Cake/Routing/Dispatcher.php(193): Controller->invokeAction(Object(CakeRequest))
#6 /var/www/html/cakephp-2.8.2/lib/Cake/Routing/Dispatcher.php(167): Dispatcher->_invoke(Object(PagesController), Object(CakeRequest))
#7 /var/www/html/cakephp-2.8.2/app/webroot/index.php(111): Dispatcher->dispatch(Object(CakeRequest), Object(CakeResponse))
#8 {main}
2016-03-18 04:56:33 Error: [MissingControllerException] Controller class ImgController could not be found.
Exception Attributes: array (
  'class' => 'ImgController',
  'plugin' => NULL,
)
Request URL: /cakephp-2.8.2/img/icon-typography.png
Stack Trace:
#0 /var/www/html/cakephp-2.8.2/app/webroot/index.php(111): Dispatcher->dispatch(Object(CakeRequest), Object(CakeResponse))
#1 {main}
2016-03-18 04:56:51 Error: [MissingViewException] View file "Pages/typography.html.ctp" is missing.
Exception Attributes: array (
  'file' => 'Pages/typography.html.ctp',
)
Request URL: /cakephp-2.8.2/pages/typography.html
Stack Trace:
#0 /var/www/html/cakephp-2.8.2/lib/Cake/View/View.php(470): View->_getViewFileName('typography.html')
#1 /var/www/html/cakephp-2.8.2/lib/Cake/Controller/Controller.php(963): View->render('typography.html', NULL)
#2 /var/www/html/cakephp-2.8.2/app/Controller/PagesController.php(68): Controller->render('typography.html')
#3 [internal function]: PagesController->display('typography.html')
#4 /var/www/html/cakephp-2.8.2/lib/Cake/Controller/Controller.php(491): ReflectionMethod->invokeArgs(Object(PagesController), Array)
#5 /var/www/html/cakephp-2.8.2/lib/Cake/Routing/Dispatcher.php(193): Controller->invokeAction(Object(CakeRequest))
#6 /var/www/html/cakephp-2.8.2/lib/Cake/Routing/Dispatcher.php(167): Dispatcher->_invoke(Object(PagesController), Object(CakeRequest))
#7 /var/www/html/cakephp-2.8.2/app/webroot/index.php(111): Dispatcher->dispatch(Object(CakeRequest), Object(CakeResponse))
#8 {main}
2016-03-18 04:56:51 Error: [MissingViewException] View file "Pages/img/logo.png.ctp" is missing.
Exception Attributes: array (
  'file' => 'Pages/img/logo.png.ctp',
)
Request URL: /cakephp-2.8.2/pages/img/logo.png
Stack Trace:
#0 /var/www/html/cakephp-2.8.2/lib/Cake/View/View.php(470): View->_getViewFileName('img/logo.png')
#1 /var/www/html/cakephp-2.8.2/lib/Cake/Controller/Controller.php(963): View->render('img/logo.png', NULL)
#2 /var/www/html/cakephp-2.8.2/app/Controller/PagesController.php(68): Controller->render('img/logo.png')
#3 [internal function]: PagesController->display('img', 'logo.png')
#4 /var/www/html/cakephp-2.8.2/lib/Cake/Controller/Controller.php(491): ReflectionMethod->invokeArgs(Object(PagesController), Array)
#5 /var/www/html/cakephp-2.8.2/lib/Cake/Routing/Dispatcher.php(193): Controller->invokeAction(Object(CakeRequest))
#6 /var/www/html/cakephp-2.8.2/lib/Cake/Routing/Dispatcher.php(167): Dispatcher->_invoke(Object(PagesController), Object(CakeRequest))
#7 /var/www/html/cakephp-2.8.2/app/webroot/index.php(111): Dispatcher->dispatch(Object(CakeRequest), Object(CakeResponse))
#8 {main}
2016-03-18 04:56:51 Error: [MissingViewException] View file "Pages/img/img-profile.jpg.ctp" is missing.
Exception Attributes: array (
  'file' => 'Pages/img/img-profile.jpg.ctp',
)
Request URL: /cakephp-2.8.2/pages/img/img-profile.jpg
Stack Trace:
#0 /var/www/html/cakephp-2.8.2/lib/Cake/View/View.php(470): View->_getViewFileName('img/img-profile...')
#1 /var/www/html/cakephp-2.8.2/lib/Cake/Controller/Controller.php(963): View->render('img/img-profile...', NULL)
#2 /var/www/html/cakephp-2.8.2/app/Controller/PagesController.php(68): Controller->render('img/img-profile...')
#3 [internal function]: PagesController->display('img', 'img-profile.jpg')
#4 /var/www/html/cakephp-2.8.2/lib/Cake/Controller/Controller.php(491): ReflectionMethod->invokeArgs(Object(PagesController), Array)
#5 /var/www/html/cakephp-2.8.2/lib/Cake/Routing/Dispatcher.php(193): Controller->invokeAction(Object(CakeRequest))
#6 /var/www/html/cakephp-2.8.2/lib/Cake/Routing/Dispatcher.php(167): Dispatcher->_invoke(Object(PagesController), Object(CakeRequest))
#7 /var/www/html/cakephp-2.8.2/app/webroot/index.php(111): Dispatcher->dispatch(Object(CakeRequest), Object(CakeResponse))
#8 {main}
2016-03-18 04:56:51 Error: [MissingControllerException] Controller class ImgController could not be found.
Exception Attributes: array (
  'class' => 'ImgController',
  'plugin' => NULL,
)
Request URL: /cakephp-2.8.2/img/icon-typography.png
Stack Trace:
#0 /var/www/html/cakephp-2.8.2/app/webroot/index.php(111): Dispatcher->dispatch(Object(CakeRequest), Object(CakeResponse))
#1 {main}
2016-03-18 04:56:54 Error: [MissingViewException] View file "Pages/typography.html.ctp" is missing.
Exception Attributes: array (
  'file' => 'Pages/typography.html.ctp',
)
Request URL: /cakephp-2.8.2/pages/typography.html
Stack Trace:
#0 /var/www/html/cakephp-2.8.2/lib/Cake/View/View.php(470): View->_getViewFileName('typography.html')
#1 /var/www/html/cakephp-2.8.2/lib/Cake/Controller/Controller.php(963): View->render('typography.html', NULL)
#2 /var/www/html/cakephp-2.8.2/app/Controller/PagesController.php(68): Controller->render('typography.html')
#3 [internal function]: PagesController->display('typography.html')
#4 /var/www/html/cakephp-2.8.2/lib/Cake/Controller/Controller.php(491): ReflectionMethod->invokeArgs(Object(PagesController), Array)
#5 /var/www/html/cakephp-2.8.2/lib/Cake/Routing/Dispatcher.php(193): Controller->invokeAction(Object(CakeRequest))
#6 /var/www/html/cakephp-2.8.2/lib/Cake/Routing/Dispatcher.php(167): Dispatcher->_invoke(Object(PagesController), Object(CakeRequest))
#7 /var/www/html/cakephp-2.8.2/app/webroot/index.php(111): Dispatcher->dispatch(Object(CakeRequest), Object(CakeResponse))
#8 {main}
2016-03-18 04:56:54 Error: [MissingViewException] View file "Pages/img/logo.png.ctp" is missing.
Exception Attributes: array (
  'file' => 'Pages/img/logo.png.ctp',
)
Request URL: /cakephp-2.8.2/pages/img/logo.png
Stack Trace:
#0 /var/www/html/cakephp-2.8.2/lib/Cake/View/View.php(470): View->_getViewFileName('img/logo.png')
#1 /var/www/html/cakephp-2.8.2/lib/Cake/Controller/Controller.php(963): View->render('img/logo.png', NULL)
#2 /var/www/html/cakephp-2.8.2/app/Controller/PagesController.php(68): Controller->render('img/logo.png')
#3 [internal function]: PagesController->display('img', 'logo.png')
#4 /var/www/html/cakephp-2.8.2/lib/Cake/Controller/Controller.php(491): ReflectionMethod->invokeArgs(Object(PagesController), Array)
#5 /var/www/html/cakephp-2.8.2/lib/Cake/Routing/Dispatcher.php(193): Controller->invokeAction(Object(CakeRequest))
#6 /var/www/html/cakephp-2.8.2/lib/Cake/Routing/Dispatcher.php(167): Dispatcher->_invoke(Object(PagesController), Object(CakeRequest))
#7 /var/www/html/cakephp-2.8.2/app/webroot/index.php(111): Dispatcher->dispatch(Object(CakeRequest), Object(CakeResponse))
#8 {main}
2016-03-18 04:56:54 Error: [MissingViewException] View file "Pages/img/img-profile.jpg.ctp" is missing.
Exception Attributes: array (
  'file' => 'Pages/img/img-profile.jpg.ctp',
)
Request URL: /cakephp-2.8.2/pages/img/img-profile.jpg
Stack Trace:
#0 /var/www/html/cakephp-2.8.2/lib/Cake/View/View.php(470): View->_getViewFileName('img/img-profile...')
#1 /var/www/html/cakephp-2.8.2/lib/Cake/Controller/Controller.php(963): View->render('img/img-profile...', NULL)
#2 /var/www/html/cakephp-2.8.2/app/Controller/PagesController.php(68): Controller->render('img/img-profile...')
#3 [internal function]: PagesController->display('img', 'img-profile.jpg')
#4 /var/www/html/cakephp-2.8.2/lib/Cake/Controller/Controller.php(491): ReflectionMethod->invokeArgs(Object(PagesController), Array)
#5 /var/www/html/cakephp-2.8.2/lib/Cake/Routing/Dispatcher.php(193): Controller->invokeAction(Object(CakeRequest))
#6 /var/www/html/cakephp-2.8.2/lib/Cake/Routing/Dispatcher.php(167): Dispatcher->_invoke(Object(PagesController), Object(CakeRequest))
#7 /var/www/html/cakephp-2.8.2/app/webroot/index.php(111): Dispatcher->dispatch(Object(CakeRequest), Object(CakeResponse))
#8 {main}
2016-03-18 04:56:54 Error: [MissingControllerException] Controller class ImgController could not be found.
Exception Attributes: array (
  'class' => 'ImgController',
  'plugin' => NULL,
)
Request URL: /cakephp-2.8.2/img/icon-typography.png
Stack Trace:
#0 /var/www/html/cakephp-2.8.2/app/webroot/index.php(111): Dispatcher->dispatch(Object(CakeRequest), Object(CakeResponse))
#1 {main}
